<?xml version="1.0" encoding="UTF-8"?>
<!-- Generated by org.testng.reporters.JUnitXMLReporter -->
<testsuite ignored="2" hostname="DESKTOP-QTFR6NJ" failures="0" tests="1" name="Default test" time="21.222" errors="0" timestamp="2025-05-01T18:17:00 IST">
  <testcase classname="test_Script.Login_Test" name="verifyUserIsAbleToLoginValidCredenstial" time="9.222"/>
  <testcase classname="test_Script.Login_Test" name="verifyTheUserIsAbleToLoginWithValidCredentials" time="0.0">
    <ignored/>
  </testcase> <!-- verifyTheUserIsAbleToLoginWithValidCredentials -->
  <testcase classname="test_Script.Base" name="beforeMethod" time="0.0">
    <ignored/>
  </testcase> <!-- beforeMethod -->
</testsuite> <!-- Default test -->
