<?xml version="1.0" encoding="UTF-8"?>
<testng-results ignored="2" total="3" passed="1" failed="0" skipped="0">
  <reporter-output>
  </reporter-output>
  <suite started-at="2025-05-01T18:16:38 IST" name="Default suite" finished-at="2025-05-01T18:17:00 IST" duration-ms="21222">
    <groups>
    </groups>
    <test started-at="2025-05-01T18:16:38 IST" name="Default test" finished-at="2025-05-01T18:17:00 IST" duration-ms="21222">
      <class name="test_Script.Login_Test">
        <test-method is-config="true" signature="beforeMethod()[pri:0, instance:test_Script.Login_Test@536f2a7e]" started-at="2025-05-01T18:16:39 IST" name="beforeMethod" finished-at="2025-05-01T18:16:50 IST" duration-ms="11903" status="PASS">
          <reporter-output>
          </reporter-output>
        </test-method> <!-- beforeMethod -->
        <test-method signature="verifyUserIsAbleToLoginValidCredenstial()[pri:0, instance:test_Script.Login_Test@536f2a7e]" started-at="2025-05-01T18:16:50 IST" name="verifyUserIsAbleToLoginValidCredenstial" finished-at="2025-05-01T18:17:00 IST" duration-ms="9222" status="PASS">
          <reporter-output>
          </reporter-output>
        </test-method> <!-- verifyUserIsAbleToLoginValidCredenstial -->
        <test-method is-config="true" signature="afterMethod()[pri:0, instance:test_Script.Login_Test@536f2a7e]" started-at="2025-05-01T18:17:00 IST" name="afterMethod" finished-at="2025-05-01T18:17:00 IST" duration-ms="1" status="PASS">
          <reporter-output>
          </reporter-output>
        </test-method> <!-- afterMethod -->
      </class> <!-- test_Script.Login_Test -->
    </test> <!-- Default test -->
  </suite> <!-- Default suite -->
</testng-results>
