<?xml version="1.0" encoding="UTF-8"?>
<!-- Generated by org.testng.reporters.JUnitXMLReporter -->
<testsuite ignored="0" hostname="DESKTOP-QTFR6NJ" failures="0" tests="4" name="Test" time="76.145" errors="0" timestamp="2025-05-01T18:16:00 IST">
  <testcase classname="test_Script.Base" name="beforeMethod" time="7.615"/>
  <testcase classname="test_Script.Base" name="beforeMethod" time="7.407"/>
  <testcase classname="test_Script.Login_Test" name="verifyTheUserIsAbleToLoginWithValidCredentials" time="8.188"/>
  <testcase classname="test_Script.Login_Test" name="verifyUserIsAbleToLoginValidCredenstial" time="7.726"/>
</testsuite> <!-- Test -->
